<?xml version="1.0" encoding="UTF-8"?>
<testsuite name="com.workshop3.HotelReservationSystemTest" tests="1" skipped="0" failures="0" errors="0" timestamp="2022-03-20T10:28:01" hostname="DESKTOP-617Q1NQ" time="1.059">
  <properties/>
  <testcase name="givenDateRangeShouldReturnTheCheapestHotelRate()" classname="com.workshop3.HotelReservationSystemTest" time="1.059"/>
  <system-out><![CDATA[ The cheapest hotel is Lakewood, Rating : 3, Total Rates = $220
]]></system-out>
  <system-err><![CDATA[]]></system-err>
</testsuite>
