<?xml version="1.0" encoding="UTF-8"?>
<testsuite name="com.workshop3.HotelReservationSystemTest" tests="1" skipped="0" failures="0" errors="0" timestamp="2022-03-20T10:20:42" hostname="DESKTOP-617Q1NQ" time="0.166">
  <properties/>
  <testcase name="givenHotelNamesWhenAddedShouldReturnSize()" classname="com.workshop3.HotelReservationSystemTest" time="0.166"/>
  <system-out><![CDATA[]]></system-out>
  <system-err><![CDATA[]]></system-err>
</testsuite>
